Mon Aug 27 2018 21:28:39 GMT+0530 (India Standard Time): GET /assets/particles.json
Tue Aug 28 2018 15:04:51 GMT+0530 (India Standard Time): GET /assets/particles.json
Tue Aug 28 2018 15:05:19 GMT+0530 (India Standard Time): GET /assets/particles.json
Tue Aug 28 2018 15:05:58 GMT+0530 (India Standard Time): GET /assets/particles.json
Tue Aug 28 2018 15:07:24 GMT+0530 (India Standard Time): GET /assets/particles.json
Tue Aug 28 2018 15:08:15 GMT+0530 (India Standard Time): GET /assets/particles.json
Tue Aug 28 2018 15:08:41 GMT+0530 (India Standard Time): GET /assets/particles.json
Tue Aug 28 2018 15:09:12 GMT+0530 (India Standard Time): GET /assets/particles.json
Tue Aug 28 2018 15:09:35 GMT+0530 (India Standard Time): GET /assets/particles.json
Tue Aug 28 2018 15:10:42 GMT+0530 (India Standard Time): GET /assets/particles.json
Tue Aug 28 2018 15:11:44 GMT+0530 (India Standard Time): GET /assets/particles.json
Tue Aug 28 2018 15:34:52 GMT+0530 (India Standard Time): GET /assets/particles.json
Tue Aug 28 2018 15:36:35 GMT+0530 (India Standard Time): GET /assets/particles.json
Tue Aug 28 2018 15:37:19 GMT+0530 (India Standard Time): GET /assets/particles.json
Tue Aug 28 2018 15:38:30 GMT+0530 (India Standard Time): GET /assets/particles.json
Tue Aug 28 2018 15:38:55 GMT+0530 (India Standard Time): GET /assets/particles.json
Tue Aug 28 2018 15:39:54 GMT+0530 (India Standard Time): GET /assets/particles.json
Tue Aug 28 2018 15:41:00 GMT+0530 (India Standard Time): GET /assets/particles.json
Tue Aug 28 2018 15:42:19 GMT+0530 (India Standard Time): GET /assets/particles.json
Tue Aug 28 2018 15:42:49 GMT+0530 (India Standard Time): GET /assets/particles.json
Tue Aug 28 2018 15:44:20 GMT+0530 (India Standard Time): GET /assets/particles.json
Tue Aug 28 2018 15:44:43 GMT+0530 (India Standard Time): GET /assets/particles.json
Tue Aug 28 2018 23:19:58 GMT+0530 (India Standard Time): GET /assets/particles.json
Tue Aug 28 2018 23:21:39 GMT+0530 (India Standard Time): GET /assets/particles.json
Tue Aug 28 2018 23:21:49 GMT+0530 (India Standard Time): GET /assets/particles.json
Tue Aug 28 2018 23:28:49 GMT+0530 (India Standard Time): GET /assets/particles.json
Tue Aug 28 2018 23:31:30 GMT+0530 (India Standard Time): GET /assets/particles.json
Tue Aug 28 2018 23:32:21 GMT+0530 (India Standard Time): GET /assets/particles.json
Tue Aug 28 2018 23:34:13 GMT+0530 (India Standard Time): GET /assets/particles.json
Tue Aug 28 2018 23:36:12 GMT+0530 (India Standard Time): GET /assets/particles.json
Tue Aug 28 2018 23:38:32 GMT+0530 (India Standard Time): GET /assets/particles.json
Tue Aug 28 2018 23:39:24 GMT+0530 (India Standard Time): POST /shipment
Tue Aug 28 2018 23:39:47 GMT+0530 (India Standard Time): GET /assets/particles.json
Tue Aug 28 2018 23:39:53 GMT+0530 (India Standard Time): GET /assets/particles.json
Tue Aug 28 2018 23:40:17 GMT+0530 (India Standard Time): POST /shipment
Tue Aug 28 2018 23:40:17 GMT+0530 (India Standard Time): GET /home
Tue Aug 28 2018 23:42:44 GMT+0530 (India Standard Time): GET /assets/particles.json
Tue Aug 28 2018 23:43:22 GMT+0530 (India Standard Time): POST /shipment
Tue Aug 28 2018 23:43:22 GMT+0530 (India Standard Time): GET /home
Tue Aug 28 2018 23:44:06 GMT+0530 (India Standard Time): GET /assets/particles.json
Tue Aug 28 2018 23:44:37 GMT+0530 (India Standard Time): POST /shipment
Tue Aug 28 2018 23:44:37 GMT+0530 (India Standard Time): GET /assets/particles.json
Tue Aug 28 2018 23:46:06 GMT+0530 (India Standard Time): GET /assets/particles.json
Tue Aug 28 2018 23:46:38 GMT+0530 (India Standard Time): POST /shipment
Tue Aug 28 2018 23:46:38 GMT+0530 (India Standard Time): GET /assets/particles.json
Wed Aug 29 2018 00:41:28 GMT+0530 (India Standard Time): GET /assets/particles.json
Wed Aug 29 2018 00:41:37 GMT+0530 (India Standard Time): GET /assets/particles.json
Wed Aug 29 2018 00:44:52 GMT+0530 (IST): GET /assets/particles.json
Wed Aug 29 2018 00:45:44 GMT+0530 (IST): POST /shipment
Wed Aug 29 2018 00:45:44 GMT+0530 (IST): GET /assets/particles.json
Wed Aug 29 2018 02:42:31 GMT+0530 (IST): GET /assets/particles.json
Wed Aug 29 2018 02:43:12 GMT+0530 (IST): POST /shipment
Wed Aug 29 2018 02:48:38 GMT+0530 (IST): GET /shipment
Wed Aug 29 2018 02:48:40 GMT+0530 (IST): GET /assets/particles.json
Wed Aug 29 2018 02:49:44 GMT+0530 (IST): POST /shipment?location=dalkcms&shipmentId=2kdn131132
Wed Aug 29 2018 02:59:01 GMT+0530 (IST): POST /shipment?location=dalkcms&shipmentId=2kdn131132
Wed Aug 29 2018 02:59:42 GMT+0530 (IST): POST /shipment?location=%22dalkcms%22&shipmentId=%222kdn131132%22
Wed Aug 29 2018 03:00:41 GMT+0530 (IST): POST /shipment
Wed Aug 29 2018 03:11:37 GMT+0530 (IST): GET /assets/particles.json
Wed Aug 29 2018 03:30:28 GMT+0530 (IST): GET /assets/particles.json
Wed Aug 29 2018 03:31:15 GMT+0530 (IST): POST /shipment
Wed Aug 29 2018 03:31:18 GMT+0530 (IST): GET /assets/particles.json
Wed Aug 29 2018 03:33:52 GMT+0530 (IST): GET /assets/particles.json
Wed Aug 29 2018 03:34:21 GMT+0530 (IST): POST /shipment
Wed Aug 29 2018 03:34:24 GMT+0530 (IST): GET /assets/particles.json
